<?xml version="1.0" encoding="UTF-8"?>
<!-- Generated by org.testng.reporters.JUnitXMLReporter -->
<testsuite ignored="1" hostname="Sandy" failures="0" tests="2" name="Login-Test" time="3.535" errors="0" timestamp="28 Oct 2021 15:27:04 GMT">
  <testcase classname="com.w2a.testcases.BankManagerLoginTest" name="bankManagerLoginTest" time="2.906"/>
  <testcase classname="com.w2a.testcases.AddCustomerTest" name="addCustomer" time="0.566"/>
  <testcase classname="com.w2a.base.TestBase" name="@BeforeSuite setUp" time="0.0">
    <ignored/>
  </testcase> <!-- @BeforeSuite setUp -->
</testsuite> <!-- Login-Test -->
