<?xml version="1.0" encoding="UTF-8"?>
<!-- Generated by org.testng.reporters.JUnitXMLReporter -->
<testsuite ignored="0" hostname="Sandy" failures="1" tests="1" name="Add-Customer_Test" time="1.176" errors="0" timestamp="29 Oct 2021 13:57:30 GMT">
  <testcase classname="com.w2a.testcases.AddCustomerTest" name="addCustomer" time="0.605">
    <failure type="java.lang.AssertionError" message="Customer was not added">
      <![CDATA[java.lang.AssertionError: Customer was not added
at com.w2a.testcases.AddCustomerTest.addCustomer(AddCustomerTest.java:28)
... Removed 26 stack frames]]>
    </failure>
  </testcase> <!-- addCustomer -->
</testsuite> <!-- Add-Customer_Test -->
